<?xml version="1.0" encoding="UTF-8"?>
<coverage generated="1633323183905" clover="3.2.0">
  <project timestamp="1633323183906" name="All files">
    <metrics statements="33" coveredstatements="22" conditionals="14" coveredconditionals="8" methods="3" coveredmethods="2" elements="50" coveredelements="32" complexity="0" loc="33" ncloc="33" packages="2" files="3" classes="3"/>
    <package name="models">
      <metrics statements="4" coveredstatements="4" conditionals="0" coveredconditionals="0" methods="0" coveredmethods="0"/>
      <file name="user.js" path="C:\Users\hch95\OneDrive\바탕 화면\coding\hanghae99\RealHanghae\hanghae_nodejs\hanghae_node_1\models\user.js">
        <metrics statements="4" coveredstatements="4" conditionals="0" coveredconditionals="0" methods="0" coveredmethods="0"/>
        <line num="1" count="1" type="stmt"/>
        <line num="3" count="1" type="stmt"/>
        <line num="4" count="1" type="stmt"/>
        <line num="15" count="1" type="stmt"/>
      </file>
    </package>
    <package name="routers.controllers.signupControllers">
      <metrics statements="29" coveredstatements="18" conditionals="14" coveredconditionals="8" methods="3" coveredmethods="2"/>
      <file name="signupPost.js" path="C:\Users\hch95\OneDrive\바탕 화면\coding\hanghae99\RealHanghae\hanghae_nodejs\hanghae_node_1\routers\controllers\signupControllers\signupPost.js">
        <metrics statements="14" coveredstatements="3" conditionals="6" coveredconditionals="0" methods="1" coveredmethods="0"/>
        <line num="1" count="1" type="stmt"/>
        <line num="2" count="1" type="stmt"/>
        <line num="4" count="1" type="stmt"/>
        <line num="5" count="0" type="stmt"/>
        <line num="6" count="0" type="stmt"/>
        <line num="7" count="0" type="cond" truecount="0" falsecount="4"/>
        <line num="8" count="0" type="stmt"/>
        <line num="9" count="0" type="cond" truecount="0" falsecount="2"/>
        <line num="10" count="0" type="stmt"/>
        <line num="11" count="0" type="stmt"/>
        <line num="13" count="0" type="stmt"/>
        <line num="19" count="0" type="stmt"/>
        <line num="25" count="0" type="stmt"/>
        <line num="26" count="0" type="stmt"/>
      </file>
      <file name="signupValidation.js" path="C:\Users\hch95\OneDrive\바탕 화면\coding\hanghae99\RealHanghae\hanghae_nodejs\hanghae_node_1\routers\controllers\signupControllers\signupValidation.js">
        <metrics statements="15" coveredstatements="15" conditionals="8" coveredconditionals="8" methods="2" coveredmethods="2"/>
        <line num="1" count="2" type="stmt"/>
        <line num="3" count="14" type="stmt"/>
        <line num="4" count="14" type="stmt"/>
        <line num="5" count="14" type="cond" truecount="2" falsecount="0"/>
        <line num="7" count="10" type="stmt"/>
        <line num="9" count="4" type="stmt"/>
        <line num="12" count="18" type="stmt"/>
        <line num="13" count="18" type="stmt"/>
        <line num="14" count="18" type="cond" truecount="2" falsecount="0"/>
        <line num="16" count="11" type="stmt"/>
        <line num="17" count="7" type="cond" truecount="2" falsecount="0"/>
        <line num="19" count="2" type="stmt"/>
        <line num="20" count="5" type="cond" truecount="2" falsecount="0"/>
        <line num="22" count="1" type="stmt"/>
        <line num="24" count="4" type="stmt"/>
      </file>
    </package>
  </project>
</coverage>
