{"C:\\Users\\hch95\\OneDrive\\바탕 화면\\coding\\hanghae99\\RealHanghae\\hanghae_nodejs\\hanghae_node_1\\models\\user.js": {"path":"C:\\Users\\hch95\\OneDrive\\바탕 화면\\coding\\hanghae99\\RealHanghae\\hanghae_nodejs\\hanghae_node_1\\models\\user.js","statementMap":{"0":{"start":{"line":1,"column":17},"end":{"line":1,"column":36}},"1":{"start":{"line":3,"column":19},"end":{"line":3,"column":27}},"2":{"start":{"line":4,"column":19},"end":{"line":13,"column":2}},"3":{"start":{"line":15,"column":0},"end":{"line":15,"column":53}}},"fnMap":{},"branchMap":{},"s":{"0":1,"1":1,"2":1,"3":1},"f":{},"b":{},"_coverageSchema":"1a1c01bbd47fc00a2c39e90264f33305004495a9","hash":"8ae9ed8ca24595dcf918cc4a79351c89e9e2eace"}
,"C:\\Users\\hch95\\OneDrive\\바탕 화면\\coding\\hanghae99\\RealHanghae\\hanghae_nodejs\\hanghae_node_1\\routers\\controllers\\signupControllers\\signupPost.js": {"path":"C:\\Users\\hch95\\OneDrive\\바탕 화면\\coding\\hanghae99\\RealHanghae\\hanghae_nodejs\\hanghae_node_1\\routers\\controllers\\signupControllers\\signupPost.js","statementMap":{"0":{"start":{"line":1,"column":14},"end":{"line":1,"column":45}},"1":{"start":{"line":2,"column":19},"end":{"line":2,"column":48}},"2":{"start":{"line":4,"column":0},"end":{"line":28,"column":2}},"3":{"start":{"line":5,"column":32},"end":{"line":5,"column":40}},"4":{"start":{"line":6,"column":4},"end":{"line":27,"column":5}},"5":{"start":{"line":7,"column":8},"end":{"line":23,"column":9}},"6":{"start":{"line":8,"column":26},"end":{"line":8,"column":50}},"7":{"start":{"line":9,"column":12},"end":{"line":17,"column":13}},"8":{"start":{"line":10,"column":16},"end":{"line":10,"column":47}},"9":{"start":{"line":11,"column":16},"end":{"line":11,"column":48}},"10":{"start":{"line":13,"column":16},"end":{"line":16,"column":19}},"11":{"start":{"line":19,"column":12},"end":{"line":22,"column":15}},"12":{"start":{"line":25,"column":8},"end":{"line":25,"column":27}},"13":{"start":{"line":26,"column":8},"end":{"line":26,"column":18}}},"fnMap":{"0":{"name":"(anonymous_0)","decl":{"start":{"line":4,"column":21},"end":{"line":4,"column":22}},"loc":{"start":{"line":4,"column":47},"end":{"line":28,"column":1}},"line":4}},"branchMap":{"0":{"loc":{"start":{"line":7,"column":8},"end":{"line":23,"column":9}},"type":"if","locations":[{"start":{"line":7,"column":8},"end":{"line":23,"column":9}},{"start":{"line":7,"column":8},"end":{"line":23,"column":9}}],"line":7},"1":{"loc":{"start":{"line":7,"column":12},"end":{"line":7,"column":71}},"type":"binary-expr","locations":[{"start":{"line":7,"column":12},"end":{"line":7,"column":33}},{"start":{"line":7,"column":37},"end":{"line":7,"column":71}}],"line":7},"2":{"loc":{"start":{"line":9,"column":12},"end":{"line":17,"column":13}},"type":"if","locations":[{"start":{"line":9,"column":12},"end":{"line":17,"column":13}},{"start":{"line":9,"column":12},"end":{"line":17,"column":13}}],"line":9}},"s":{"0":1,"1":1,"2":1,"3":0,"4":0,"5":0,"6":0,"7":0,"8":0,"9":0,"10":0,"11":0,"12":0,"13":0},"f":{"0":0},"b":{"0":[0,0],"1":[0,0],"2":[0,0]},"_coverageSchema":"1a1c01bbd47fc00a2c39e90264f33305004495a9","hash":"f59914c1fcafe9bddf71b0b2391506475fae193f"}
,"C:\\Users\\hch95\\OneDrive\\바탕 화면\\coding\\hanghae99\\RealHanghae\\hanghae_nodejs\\hanghae_node_1\\routers\\controllers\\signupControllers\\signupValidation.js": {"path":"C:\\Users\\hch95\\OneDrive\\바탕 화면\\coding\\hanghae99\\RealHanghae\\hanghae_nodejs\\hanghae_node_1\\routers\\controllers\\signupControllers\\signupValidation.js","statementMap":{"0":{"start":{"line":1,"column":0},"end":{"line":26,"column":2}},"1":{"start":{"line":3,"column":25},"end":{"line":3,"column":44}},"2":{"start":{"line":4,"column":28},"end":{"line":4,"column":45}},"3":{"start":{"line":5,"column":8},"end":{"line":8,"column":9}},"4":{"start":{"line":7,"column":12},"end":{"line":7,"column":25}},"5":{"start":{"line":9,"column":8},"end":{"line":9,"column":20}},"6":{"start":{"line":12,"column":25},"end":{"line":12,"column":44}},"7":{"start":{"line":13,"column":28},"end":{"line":13,"column":45}},"8":{"start":{"line":14,"column":8},"end":{"line":23,"column":9}},"9":{"start":{"line":16,"column":12},"end":{"line":16,"column":25}},"10":{"start":{"line":17,"column":15},"end":{"line":23,"column":9}},"11":{"start":{"line":19,"column":12},"end":{"line":19,"column":25}},"12":{"start":{"line":20,"column":15},"end":{"line":23,"column":9}},"13":{"start":{"line":22,"column":12},"end":{"line":22,"column":25}},"14":{"start":{"line":24,"column":8},"end":{"line":24,"column":20}}},"fnMap":{"0":{"name":"(anonymous_0)","decl":{"start":{"line":2,"column":4},"end":{"line":2,"column":5}},"loc":{"start":{"line":2,"column":14},"end":{"line":10,"column":5}},"line":2},"1":{"name":"(anonymous_1)","decl":{"start":{"line":11,"column":4},"end":{"line":11,"column":5}},"loc":{"start":{"line":11,"column":27},"end":{"line":25,"column":5}},"line":11}},"branchMap":{"0":{"loc":{"start":{"line":5,"column":8},"end":{"line":8,"column":9}},"type":"if","locations":[{"start":{"line":5,"column":8},"end":{"line":8,"column":9}},{"start":{"line":5,"column":8},"end":{"line":8,"column":9}}],"line":5},"1":{"loc":{"start":{"line":14,"column":8},"end":{"line":23,"column":9}},"type":"if","locations":[{"start":{"line":14,"column":8},"end":{"line":23,"column":9}},{"start":{"line":14,"column":8},"end":{"line":23,"column":9}}],"line":14},"2":{"loc":{"start":{"line":17,"column":15},"end":{"line":23,"column":9}},"type":"if","locations":[{"start":{"line":17,"column":15},"end":{"line":23,"column":9}},{"start":{"line":17,"column":15},"end":{"line":23,"column":9}}],"line":17},"3":{"loc":{"start":{"line":20,"column":15},"end":{"line":23,"column":9}},"type":"if","locations":[{"start":{"line":20,"column":15},"end":{"line":23,"column":9}},{"start":{"line":20,"column":15},"end":{"line":23,"column":9}}],"line":20}},"s":{"0":2,"1":14,"2":14,"3":14,"4":10,"5":4,"6":18,"7":18,"8":18,"9":11,"10":7,"11":2,"12":5,"13":1,"14":4},"f":{"0":14,"1":18},"b":{"0":[10,4],"1":[11,7],"2":[2,5],"3":[1,4]},"_coverageSchema":"1a1c01bbd47fc00a2c39e90264f33305004495a9","hash":"41df55ee18e6a10ac3c5f9300b6c52b1baac39ae"}
}
