TN:
SF:models\user.js
FNF:0
FNH:0
DA:1,1
DA:3,1
DA:4,1
DA:15,1
LF:4
LH:4
BRF:0
BRH:0
end_of_record
TN:
SF:routers\controllers\signupControllers\signupPost.js
FN:4,(anonymous_0)
FNF:1
FNH:0
FNDA:0,(anonymous_0)
DA:1,1
DA:2,1
DA:4,1
DA:5,0
DA:6,0
DA:7,0
DA:8,0
DA:9,0
DA:10,0
DA:11,0
DA:13,0
DA:19,0
DA:25,0
DA:26,0
LF:14
LH:3
BRDA:7,0,0,0
BRDA:7,0,1,0
BRDA:7,1,0,0
BRDA:7,1,1,0
BRDA:9,2,0,0
BRDA:9,2,1,0
BRF:6
BRH:0
end_of_record
TN:
SF:routers\controllers\signupControllers\signupValidation.js
FN:2,(anonymous_0)
FN:11,(anonymous_1)
FNF:2
FNH:2
FNDA:14,(anonymous_0)
FNDA:18,(anonymous_1)
DA:1,2
DA:3,14
DA:4,14
DA:5,14
DA:7,10
DA:9,4
DA:12,18
DA:13,18
DA:14,18
DA:16,11
DA:17,7
DA:19,2
DA:20,5
DA:22,1
DA:24,4
LF:15
LH:15
BRDA:5,0,0,10
BRDA:5,0,1,4
BRDA:14,1,0,11
BRDA:14,1,1,7
BRDA:17,2,0,2
BRDA:17,2,1,5
BRDA:20,3,0,1
BRDA:20,3,1,4
BRF:8
BRH:8
end_of_record
